<?xml version="1.0" encoding="UTF-8"?>
<!-- Generated by org.testng.reporters.JUnitReportReporter -->
<testsuite skipped="1" hostname="kamlesh" name="com.crm.qa.test.Datapovider_Test_Excel" tests="1" failures="0" timestamp="20 Sep 2018 07:35:26 GMT" time="0.000" errors="0">
  <testcase name="logintest" time="0.000" classname="com.crm.qa.test.Datapovider_Test_Excel">
    <skipped/>
  </testcase> <!-- logintest -->
</testsuite> <!-- com.crm.qa.test.Datapovider_Test_Excel -->
