<?xml version="1.0" encoding="UTF-8"?>
<!-- Generated by org.testng.reporters.JUnitReportReporter -->
<testsuite skipped="0" hostname="kamlesh" name="com.crm.qa.test.LoginPageTest" tests="1" failures="0" timestamp="19 Oct 2018 14:33:13 GMT" time="33.416" errors="0">
  <testcase name="LoginTest" time="33.416" classname="com.crm.qa.test.LoginPageTest"/>
</testsuite> <!-- com.crm.qa.test.LoginPageTest -->
