<?xml version="1.0" encoding="UTF-8"?>
<!-- Generated by org.testng.reporters.JUnitReportReporter -->
<testsuite skipped="0" hostname="kamlesh" name="com.crm.qa.test.TestNGSequence" tests="2" failures="0" timestamp="05 Oct 2018 13:00:41 GMT" time="0.010" errors="0">
  <testcase name="Test2" time="0.008" classname="com.crm.qa.test.TestNGSequence"/>
  <testcase name="Test1" time="0.002" classname="com.crm.qa.test.TestNGSequence"/>
</testsuite> <!-- com.crm.qa.test.TestNGSequence -->
