<?xml version="1.0" encoding="UTF-8"?>
<!-- Generated by org.testng.reporters.JUnitReportReporter -->
<testsuite skipped="0" hostname="kamlesh" name="com.crm.qa.test.Datapovider_Test" tests="1" failures="0" timestamp="27 Sep 2018 02:37:10 GMT" time="17.131" errors="0">
  <testcase name="logintest" time="17.131" classname="com.crm.qa.test.Datapovider_Test"/>
</testsuite> <!-- com.crm.qa.test.Datapovider_Test -->
